0 info it worked if it ends with ok
1 verbose cli [ '/usr/bin/node',
1 verbose cli   '/usr/bin/npm',
1 verbose cli   'run',
1 verbose cli   'test',
1 verbose cli   '--',
1 verbose cli   '--scope=/src/api' ]
2 info using npm@3.10.10
3 info using node@v6.11.3
4 verbose run-script [ 'pretest', 'test', 'posttest' ]
5 info lifecycle fish@1.0.0~pretest: fish@1.0.0
6 silly lifecycle fish@1.0.0~pretest: no script for pretest, continuing
7 info lifecycle fish@1.0.0~test: fish@1.0.0
8 verbose lifecycle fish@1.0.0~test: unsafe-perm in lifecycle true
9 verbose lifecycle fish@1.0.0~test: PATH: /usr/lib/node_modules/npm/bin/node-gyp-bin:/src/node_modules/.bin:/usr/local/sbin:/usr/local/bin:/usr/sbin:/usr/bin:/sbin:/bin
10 verbose lifecycle fish@1.0.0~test: CWD: /src
11 silly lifecycle fish@1.0.0~test: Args: [ '-c',
11 silly lifecycle   'NODE_ENV=testing mocha --timeout=30000 ./api/tests/specs/*.spec.js "--scope=/src/api"' ]
12 silly lifecycle fish@1.0.0~test: Returned: code: 1  signal: null
13 info lifecycle fish@1.0.0~test: Failed to exec test script
14 verbose stack Error: fish@1.0.0 test: `NODE_ENV=testing mocha --timeout=30000 ./api/tests/specs/*.spec.js "--scope=/src/api"`
14 verbose stack Exit status 1
14 verbose stack     at EventEmitter.<anonymous> (/usr/lib/node_modules/npm/lib/utils/lifecycle.js:255:16)
14 verbose stack     at emitTwo (events.js:106:13)
14 verbose stack     at EventEmitter.emit (events.js:191:7)
14 verbose stack     at ChildProcess.<anonymous> (/usr/lib/node_modules/npm/lib/utils/spawn.js:40:14)
14 verbose stack     at emitTwo (events.js:106:13)
14 verbose stack     at ChildProcess.emit (events.js:191:7)
14 verbose stack     at maybeClose (internal/child_process.js:920:16)
14 verbose stack     at Process.ChildProcess._handle.onexit (internal/child_process.js:230:5)
15 verbose pkgid fish@1.0.0
16 verbose cwd /src
17 error Linux 4.9.49-moby
18 error argv "/usr/bin/node" "/usr/bin/npm" "run" "test" "--" "--scope=/src/api"
19 error node v6.11.3
20 error npm  v3.10.10
21 error code ELIFECYCLE
22 error fish@1.0.0 test: `NODE_ENV=testing mocha --timeout=30000 ./api/tests/specs/*.spec.js "--scope=/src/api"`
22 error Exit status 1
23 error Failed at the fish@1.0.0 test script 'NODE_ENV=testing mocha --timeout=30000 ./api/tests/specs/*.spec.js "--scope=/src/api"'.
23 error Make sure you have the latest version of node.js and npm installed.
23 error If you do, this is most likely a problem with the fish package,
23 error not with npm itself.
23 error Tell the author that this fails on your system:
23 error     NODE_ENV=testing mocha --timeout=30000 ./api/tests/specs/*.spec.js "--scope=/src/api"
23 error You can get information on how to open an issue for this project with:
23 error     npm bugs fish
23 error Or if that isn't available, you can get their info via:
23 error     npm owner ls fish
23 error There is likely additional logging output above.
24 verbose exit [ 1, true ]
