0 info it worked if it ends with ok
1 verbose cli [ '/usr/local/bin/node', '/usr/local/bin/npm', 'run', 'testdata' ]
2 info using npm@3.10.3
3 info using node@v4.4.7
4 verbose run-script [ 'pretestdata', 'testdata', 'posttestdata' ]
5 info lifecycle api@1.0.0~pretestdata: api@1.0.0
6 silly lifecycle api@1.0.0~pretestdata: no script for pretestdata, continuing
7 info lifecycle api@1.0.0~testdata: api@1.0.0
8 verbose lifecycle api@1.0.0~testdata: unsafe-perm in lifecycle true
9 verbose lifecycle api@1.0.0~testdata: PATH: /usr/local/lib/node_modules/npm/bin/node-gyp-bin:/Users/luukgruijs/Documents/fish/api/node_modules/.bin:/usr/local/bin:/usr/local/bin:/usr/bin:/bin:/usr/sbin:/sbin:/usr/local/git/bin
10 verbose lifecycle api@1.0.0~testdata: CWD: /Users/luukgruijs/Documents/fish/api
11 silly lifecycle api@1.0.0~testdata: Args: [ '-c', 'node -e require(\'./fixtures\').generate()' ]
12 silly lifecycle api@1.0.0~testdata: Returned: code: 2  signal: null
13 info lifecycle api@1.0.0~testdata: Failed to exec testdata script
14 verbose stack Error: api@1.0.0 testdata: `node -e require('./fixtures').generate()`
14 verbose stack Exit status 2
14 verbose stack     at EventEmitter.<anonymous> (/usr/local/lib/node_modules/npm/lib/utils/lifecycle.js:242:16)
14 verbose stack     at emitTwo (events.js:87:13)
14 verbose stack     at EventEmitter.emit (events.js:172:7)
14 verbose stack     at ChildProcess.<anonymous> (/usr/local/lib/node_modules/npm/lib/utils/spawn.js:40:14)
14 verbose stack     at emitTwo (events.js:87:13)
14 verbose stack     at ChildProcess.emit (events.js:172:7)
14 verbose stack     at maybeClose (internal/child_process.js:827:16)
14 verbose stack     at Process.ChildProcess._handle.onexit (internal/child_process.js:211:5)
15 verbose pkgid api@1.0.0
16 verbose cwd /Users/luukgruijs/Documents/fish/api
17 error Darwin 16.3.0
18 error argv "/usr/local/bin/node" "/usr/local/bin/npm" "run" "testdata"
19 error node v4.4.7
20 error npm  v3.10.3
21 error code ELIFECYCLE
22 error api@1.0.0 testdata: `node -e require('./fixtures').generate()`
22 error Exit status 2
23 error Failed at the api@1.0.0 testdata script 'node -e require('./fixtures').generate()'.
23 error Make sure you have the latest version of node.js and npm installed.
23 error If you do, this is most likely a problem with the api package,
23 error not with npm itself.
23 error Tell the author that this fails on your system:
23 error     node -e require('./fixtures').generate()
23 error You can get information on how to open an issue for this project with:
23 error     npm bugs api
23 error Or if that isn't available, you can get their info via:
23 error     npm owner ls api
23 error There is likely additional logging output above.
24 verbose exit [ 1, true ]
